  PID  SPID TTY          TIME CMD
    1     1 ?        00:00:03 systemd
    2     2 ?        00:00:00 kthreadd
    3     3 ?        00:00:03 kworker/0:0
    4     4 ?        00:00:00 kworker/0:0H
    6     6 ?        00:00:00 ksoftirqd/0
    7     7 ?        00:00:12 ktimersoftd/0
    8     8 ?        00:00:00 posixcputmr/0
    9     9 ?        00:00:00 kswork
   10    10 ?        00:00:00 kcmosdelayd
   11    11 ?        00:00:00 migration/0
   12    12 ?        00:00:00 rcu_preempt
   13    13 ?        00:00:00 rcu_bh
   14    14 ?        00:00:00 rcu_sched
   15    15 ?        00:00:00 rcuc/0
   16    16 ?        00:00:00 rcub/0
   17    17 ?        00:00:00 lru-add-drain
   20    20 ?        00:00:00 rcuc/1
   21    21 ?        00:00:00 migration/1
   22    22 ?        00:00:16 ktimersoftd/1
   23    23 ?        00:00:07 ksoftirqd/1
   24    24 ?        00:00:00 posixcputmr/1
   26    26 ?        00:00:00 kworker/1:0H
   28    28 ?        00:00:00 rcuc/2
   29    29 ?        00:00:00 migration/2
   30    30 ?        00:00:14 ktimersoftd/2
   31    31 ?        00:00:04 ksoftirqd/2
   32    32 ?        00:00:00 posixcputmr/2
   34    34 ?        00:00:00 kworker/2:0H
   36    36 ?        00:00:00 rcuc/3
   37    37 ?        00:00:00 migration/3
   38    38 ?        00:00:14 ktimersoftd/3
   39    39 ?        00:00:06 ksoftirqd/3
   40    40 ?        00:00:00 posixcputmr/3
   42    42 ?        00:00:00 kworker/3:0H
   44    44 ?        00:00:00 kdevtmpfs
   45    45 ?        00:00:00 netns
   46    46 ?        00:00:00 khungtaskd
   47    47 ?        00:00:00 writeback
   48    48 ?        00:00:00 kintegrityd
   49    49 ?        00:00:00 bioset
   50    50 ?        00:00:00 bioset
   51    51 ?        00:00:00 bioset
   52    52 ?        00:00:00 kblockd
   53    53 ?        00:00:01 irq/9-acpi
   55    55 ?        00:00:00 md
   56    56 ?        00:00:00 edac-poller
   57    57 ?        00:00:00 watchdogd
   63    63 ?        00:00:00 kswapd0
   64    64 ?        00:00:00 ksmd
   65    65 ?        00:00:00 crypto
   73    73 ?        00:00:00 kthrotld
   75    75 ?        00:00:00 irq/121-PCIe PM
   76    76 ?        00:00:00 irq/122-PCIe PM
   77    77 ?        00:00:00 irq/123-PCIe PM
   78    78 ?        00:00:00 irq/124-PCIe PM
   83    83 ?        00:00:00 kmpath_rdacd
   84    84 ?        00:00:00 kaluad
   85    85 ?        00:00:00 irq/125-xhci_hc
   86    86 ?        00:00:00 kworker/0:2
   87    87 ?        00:00:00 kpsmoused
   88    88 ?        00:00:00 irq/8-rtc0
   89    89 ?        00:00:00 ipv6_addrconf
  103   103 ?        00:00:00 deferwq
  144   144 ?        00:00:00 kauditd
  317   317 ?        00:00:00 ata_sff
  333   333 ?        00:00:00 irq/126-0000:00
  334   334 ?        00:00:00 ttm_swap
  335   335 ?        00:00:00 scsi_eh_1
  336   336 ?        00:00:00 scsi_tmf_1
  337   337 ?        00:00:00 scsi_eh_2
  338   338 ?        00:00:00 scsi_tmf_2
  339   339 ?        00:00:00 scsi_eh_3
  340   340 ?        00:00:00 scsi_tmf_3
  341   341 ?        00:00:00 scsi_eh_4
  342   342 ?        00:00:00 scsi_tmf_4
  343   343 ?        00:00:00 scsi_eh_5
  344   344 ?        00:00:00 scsi_tmf_5
  345   345 ?        00:00:00 scsi_eh_6
  346   346 ?        00:00:00 scsi_tmf_6
  347   347 ?        00:00:00 scsi_eh_7
  348   348 ?        00:00:00 scsi_tmf_7
  349   349 ?        00:00:00 scsi_eh_8
  350   350 ?        00:00:00 scsi_tmf_8
  353   353 ?        00:00:00 kworker/u8:5
  354   354 ?        00:00:00 kworker/u8:6
  439   439 ?        00:00:00 kdmflush
  440   440 ?        00:00:00 bioset
  450   450 ?        00:00:00 kdmflush
  451   451 ?        00:00:00 bioset
  465   465 ?        00:00:00 bioset
  466   466 ?        00:00:00 xfsalloc
  467   467 ?        00:00:00 xfs_mru_cache
  468   468 ?        00:00:00 xfs-buf/dm-0
  469   469 ?        00:00:00 xfs-data/dm-0
  470   470 ?        00:00:00 xfs-conv/dm-0
  471   471 ?        00:00:00 xfs-cil/dm-0
  472   472 ?        00:00:00 xfs-reclaim/dm-
  473   473 ?        00:00:00 xfs-log/dm-0
  474   474 ?        00:00:00 xfs-eofblocks/d
  475   475 ?        00:00:00 xfsaild/dm-0
  476   476 ?        00:00:00 kworker/2:1H
  560   560 ?        00:00:00 systemd-journal
  582   582 ?        00:00:00 lvmetad
  597   597 ?        00:00:00 systemd-udevd
  724   724 ?        00:00:00 kipmi0
  725   725 ?        00:00:00 irq/16-i801_smb
  726   726 ?        00:00:00 irq/491-mei_me
  727   727 ?        00:00:00 irq/492-mei_me
  731   731 ?        00:00:00 irq/16-i2c_desi
  735   735 ?        00:00:00 kworker/0:1H
  742   742 ?        00:00:00 irq/17-i2c_desi
  744   744 ?        00:00:00 irq/16-idma64.0
  782   782 ?        00:00:00 irq/17-idma64.1
  789   789 ?        00:00:00 xfs-buf/sda2
  790   790 ?        00:00:00 xfs-data/sda2
  791   791 ?        00:00:00 xfs-conv/sda2
  792   792 ?        00:00:00 xfs-cil/sda2
  793   793 ?        00:00:00 xfs-reclaim/sda
  794   794 ?        00:00:00 xfs-log/sda2
  795   795 ?        00:00:00 xfs-eofblocks/s
  798   798 ?        00:00:00 xfsaild/sda2
  805   805 ?        00:00:00 irq/20-idma64.2
  916   916 ?        00:00:00 kdmflush
  917   917 ?        00:00:00 bioset
  922   922 ?        00:00:00 xfs-buf/dm-2
  923   923 ?        00:00:00 xfs-data/dm-2
  924   924 ?        00:00:00 xfs-conv/dm-2
  925   925 ?        00:00:00 xfs-cil/dm-2
  926   926 ?        00:00:00 xfs-reclaim/dm-
  927   927 ?        00:00:00 xfs-log/dm-2
  928   928 ?        00:00:00 xfs-eofblocks/d
  929   929 ?        00:00:00 xfsaild/dm-2
  958   958 ?        00:00:00 auditd
  958   959 ?        00:00:00 auditd
  960   960 ?        00:00:00 audispd
  960   963 ?        00:00:00 audispd
  962   962 ?        00:00:00 sedispatch
  964   964 ?        00:00:00 rpciod
  965   965 ?        00:00:00 xprtiod
  988   988 ?        00:00:00 abrtd
  989   989 ?        00:00:00 dbus-daemon
  989   991 ?        00:00:00 dbus-daemon
  990   990 ?        00:00:00 rpcbind
  993   993 ?        00:00:00 accounts-daemon
  993  1002 ?        00:00:00 gmain
  993  1008 ?        00:00:00 gdbus
  994   994 ?        00:00:00 abrt-watch-log
  999   999 ?        00:00:00 smartd
 1011  1011 ?        00:00:00 NetworkManager
 1011  1062 ?        00:00:00 gmain
 1011  1092 ?        00:00:00 gdbus
 1014  1014 ?        00:00:00 udisksd
 1014  1049 ?        00:00:00 gmain
 1014  1057 ?        00:00:00 gdbus
 1014  1067 ?        00:00:00 probing-thread
 1014  1219 ?        00:00:00 cleanup
 1016  1016 ?        00:00:01 polkitd
 1016  1051 ?        00:00:00 gmain
 1016  1054 ?        00:00:00 gdbus
 1016  1058 ?        00:00:00 polkitd
 1016  1059 ?        00:00:00 JS GC Helper
 1016  1061 ?        00:00:00 JS Sour~ Thread
 1016  1063 ?        00:00:00 polkitd
 1017  1017 ?        00:00:00 systemd-logind
 1031  1031 ?        00:00:02 rngd
 1048  1048 ?        00:00:00 lsmd
 1050  1050 ?        00:00:00 rtkit-daemon
 1050  1087 ?        00:00:00 rtkit-daemon
 1050  1091 ?        00:00:00 rtkit-daemon
 1053  1053 ?        00:00:00 abrt-watch-log
 1076  1076 ?        00:00:00 gssproxy
 1076  1081 ?        00:00:00 gssproxy
 1076  1082 ?        00:00:00 gssproxy
 1076  1083 ?        00:00:00 gssproxy
 1076  1084 ?        00:00:00 gssproxy
 1076  1085 ?        00:00:00 gssproxy
 1144  1144 ?        00:00:00 ksmtuned
 1186  1186 ?        00:00:01 irq/493-eno3-tx
 1187  1187 ?        00:00:00 irq/494-eno3-rx
 1188  1188 ?        00:00:05 irq/495-eno3-rx
 1189  1189 ?        00:00:00 irq/496-eno3-rx
 1190  1190 ?        00:00:00 irq/497-eno3-rx
 1224  1224 ?        00:00:21 irq/498-eno4-tx
 1225  1225 ?        00:00:23 irq/499-eno4-rx
 1226  1226 ?        00:00:00 irq/500-eno4-rx
 1227  1227 ?        00:00:00 irq/501-eno4-rx
 1228  1228 ?        00:00:00 irq/502-eno4-rx
 1496  1496 ?        00:00:00 sshd
 1498  1498 ?        00:00:00 tuned
 1498  1561 ?        00:00:00 gmain
 1498  1562 ?        00:00:00 tuned
 1498  1563 ?        00:00:00 tuned
 1499  1499 ?        00:00:00 rsyslogd
 1499  1508 ?        00:00:00 in:imjournal
 1499  1509 ?        00:00:00 rs:main Q:Reg
 1503  1503 ?        00:00:00 libvirtd
 1503  1514 ?        00:00:00 libvirtd
 1503  1515 ?        00:00:00 libvirtd
 1503  1516 ?        00:00:00 libvirtd
 1503  1517 ?        00:00:00 libvirtd
 1503  1518 ?        00:00:00 libvirtd
 1503  1519 ?        00:00:00 libvirtd
 1503  1520 ?        00:00:00 libvirtd
 1503  1521 ?        00:00:00 libvirtd
 1503  1522 ?        00:00:00 libvirtd
 1503  1523 ?        00:00:00 libvirtd
 1503  1529 ?        00:00:00 libvirtd
 1503  1530 ?        00:00:00 libvirtd
 1503  1531 ?        00:00:00 libvirtd
 1503  1532 ?        00:00:00 libvirtd
 1503  1533 ?        00:00:00 libvirtd
 1503  1686 ?        00:00:00 libvirtd
 1511  1511 ?        00:00:00 crond
 1512  1512 ?        00:00:00 atd
 1513  1513 ?        00:00:00 gdm
 1513  1527 ?        00:00:00 gmain
 1513  1528 ?        00:00:00 gdbus
 1513  2028 ?        00:00:00 gdm
 1883  1883 ?        00:00:00 dnsmasq
 1884  1884 ?        00:00:00 dnsmasq
 2029  2029 tty1     00:00:03 X
 2029  2037 tty1     00:00:00 llvmpipe-0
 2029  2038 tty1     00:00:00 llvmpipe-1
 2029  2039 tty1     00:00:00 llvmpipe-2
 2029  2040 tty1     00:00:00 llvmpipe-3
 2029  2043 tty1     00:00:00 InputThread
 2115  2115 ?        00:00:00 upowerd
 2115  2116 ?        00:00:00 gmain
 2115  2117 ?        00:00:00 gdbus
 2190  2190 ?        00:00:00 packagekitd
 2190  2193 ?        00:00:00 gmain
 2190  2194 ?        00:00:00 gdbus
 2275  2275 ?        00:00:00 colord
 2275  2280 ?        00:00:00 gmain
 2275  2282 ?        00:00:00 gdbus
 2336  2336 ?        00:00:00 kworker/3:1H
 2342  2342 ?        00:00:00 dhclient
 2388  2388 ?        00:00:00 gdm-session-wor
 2388  2389 ?        00:00:00 gmain
 2388  2390 ?        00:00:00 gdbus
 2400  2400 ?        00:00:00 gnome-keyring-d
 2400  2401 ?        00:00:00 gmain
 2400  2403 ?        00:00:00 gdbus
 2400  2620 ?        00:00:00 timer
 2424  2424 ?        00:00:00 gnome-session-b
 2424  2597 ?        00:00:00 gmain
 2424  2598 ?        00:00:00 gdbus
 2424  2612 ?        00:00:00 dconf worker
 2433  2433 ?        00:00:00 dbus-launch
 2434  2434 ?        00:00:00 dbus-daemon
 2434  2435 ?        00:00:00 dbus-daemon
 2465  2465 ?        00:00:00 imsettings-daem
 2465  2466 ?        00:00:00 gmain
 2465  2467 ?        00:00:00 gdbus
 2465  2481 ?        00:00:00 dconf worker
 2469  2469 ?        00:00:00 gvfsd
 2469  2470 ?        00:00:00 gmain
 2469  2471 ?        00:00:00 gdbus
 2474  2474 ?        00:00:00 gvfsd-fuse
 2474  2476 ?        00:00:00 gvfsd-fuse
 2474  2477 ?        00:00:00 gvfsd-fuse
 2474  2478 ?        00:00:00 gmain
 2474  2480 ?        00:00:00 gdbus
 2474  2484 ?        00:00:00 gvfs-fuse-sub
 2557  2557 ?        00:00:00 ssh-agent
 2588  2588 ?        00:00:00 at-spi-bus-laun
 2588  2589 ?        00:00:00 dconf worker
 2588  2590 ?        00:00:00 gmain
 2588  2592 ?        00:00:00 gdbus
 2593  2593 ?        00:00:00 dbus-daemon
 2593  2594 ?        00:00:00 dbus-daemon
 2596  2596 ?        00:00:00 at-spi2-registr
 2596  2601 ?        00:00:00 gmain
 2596  2602 ?        00:00:00 gdbus
 2614  2614 ?        00:00:00 kworker/3:0
 2625  2625 ?        00:00:09 gnome-shell
 2625  2627 ?        00:00:00 gmain
 2625  2628 ?        00:00:00 dconf worker
 2625  2629 ?        00:00:00 gdbus
 2625  2632 ?        00:00:00 llvmpipe-0
 2625  2633 ?        00:00:00 llvmpipe-1
 2625  2634 ?        00:00:00 llvmpipe-2
 2625  2635 ?        00:00:01 llvmpipe-3
 2625  2641 ?        00:00:00 threaded-ml
 2625  2642 ?        00:00:00 JS Helper
 2625  2643 ?        00:00:00 JS Helper
 2625  2644 ?        00:00:00 JS Helper
 2625  2645 ?        00:00:00 JS Helper
 2625  2646 ?        00:00:00 JS Helper
 2625  2647 ?        00:00:00 JS Helper
 2625  2648 ?        00:00:00 JS Helper
 2625  2649 ?        00:00:00 JS Helper
 2625  2650 ?        00:00:00 llvmpipe-0
 2625  2651 ?        00:00:00 llvmpipe-1
 2625  2652 ?        00:00:00 llvmpipe-2
 2625  2653 ?        00:00:00 llvmpipe-3
 2639  2639 ?        00:00:00 pulseaudio
 2639  2640 ?        00:00:00 null-sink
 2654  2654 ?        00:00:00 ibus-daemon
 2654  2655 ?        00:00:00 gmain
 2654  2656 ?        00:00:00 gdbus
 2658  2658 ?        00:00:00 ibus-dconf
 2658  2660 ?        00:00:00 gmain
 2658  2661 ?        00:00:00 gdbus
 2658  2665 ?        00:00:00 dconf worker
 2662  2662 ?        00:00:00 ibus-x11
 2662  2671 ?        00:00:00 gmain
 2662  2672 ?        00:00:00 gdbus
 2666  2666 ?        00:00:00 ibus-portal
 2666  2668 ?        00:00:00 gmain
 2666  2669 ?        00:00:00 gdbus
 2675  2675 ?        00:00:00 gnome-shell-cal
 2675  2679 ?        00:00:00 gmain
 2675  2681 ?        00:00:00 gdbus
 2675  2756 ?        00:00:00 dconf worker
 2675  2757 ?        00:00:00 gnome-shell-cal
 2675  2947 ?        00:00:00 gnome-shell-cal
 2676  2676 ?        00:00:00 xdg-permission-
 2676  2677 ?        00:00:00 gmain
 2676  2683 ?        00:00:00 gdbus
 2684  2684 ?        00:00:00 evolution-sourc
 2684  2685 ?        00:00:00 dconf worker
 2684  2686 ?        00:00:00 gmain
 2684  2687 ?        00:00:00 gdbus
 2690  2690 ?        00:00:00 geoclue
 2690  2694 ?        00:00:00 gmain
 2690  2696 ?        00:00:00 gdbus
 2701  2701 ?        00:00:00 mission-control
 2701  2702 ?        00:00:00 gmain
 2701  2704 ?        00:00:00 dconf worker
 2701  2705 ?        00:00:00 gdbus
 2707  2707 ?        00:00:00 goa-daemon
 2707  2722 ?        00:00:00 gmain
 2707  2724 ?        00:00:00 gdbus
 2707  2725 ?        00:00:00 dconf worker
 2709  2709 ?        00:00:00 gvfs-udisks2-vo
 2709  2710 ?        00:00:00 gmain
 2709  2711 ?        00:00:00 gdbus
 2714  2714 ?        00:00:00 gvfs-mtp-volume
 2714  2715 ?        00:00:00 gmain
 2714  2719 ?        00:00:00 gdbus
 2733  2733 ?        00:00:00 goa-identity-se
 2733  2741 ?        00:00:00 gmain
 2733  2742 ?        00:00:00 pool
 2733  2745 ?        00:00:00 gdbus
 2734  2734 ?        00:00:00 gvfs-goa-volume
 2734  2737 ?        00:00:00 gmain
 2734  2738 ?        00:00:00 gdbus
 2758  2758 ?        00:00:00 gvfs-gphoto2-vo
 2758  2760 ?        00:00:00 gmain
 2758  2764 ?        00:00:00 gdbus
 2767  2767 ?        00:00:00 gvfs-afc-volume
 2767  2768 ?        00:00:00 gvfs-afc-volume
 2767  2769 ?        00:00:00 gmain
 2767  2771 ?        00:00:00 gdbus
 2783  2783 ?        00:00:00 gsd-power
 2783  2790 ?        00:00:00 gmain
 2783  2793 ?        00:00:00 gdbus
 2783  2866 ?        00:00:00 dconf worker
 2786  2786 ?        00:00:00 gsd-print-notif
 2786  2789 ?        00:00:00 gmain
 2786  2792 ?        00:00:00 gdbus
 2788  2788 ?        00:00:00 gsd-rfkill
 2788  2795 ?        00:00:00 gmain
 2788  2797 ?        00:00:00 gdbus
 2794  2794 ?        00:00:00 gsd-screensaver
 2794  2798 ?        00:00:00 gmain
 2794  2800 ?        00:00:00 gdbus
 2796  2796 ?        00:00:00 gsd-sharing
 2796  2803 ?        00:00:00 dconf worker
 2796  2804 ?        00:00:00 gmain
 2796  2806 ?        00:00:00 gdbus
 2801  2801 ?        00:00:00 gsd-sound
 2801  2805 ?        00:00:00 gmain
 2801  2807 ?        00:00:00 gdbus
 2801  2852 ?        00:00:00 dconf worker
 2802  2802 ?        00:00:00 gsd-xsettings
 2802  2810 ?        00:00:00 gmain
 2802  2811 ?        00:00:00 gdbus
 2802  2860 ?        00:00:00 dconf worker
 2808  2808 ?        00:00:00 gsd-wacom
 2808  2817 ?        00:00:00 gmain
 2808  2818 ?        00:00:00 gdbus
 2809  2809 ?        00:00:00 gsd-smartcard
 2809  2813 ?        00:00:00 gmain
 2809  2814 ?        00:00:00 gdbus
 2809  2864 ?        00:00:00 dconf worker
 2809  2887 ?        00:00:00 pool
 2822  2822 ?        00:00:00 gsd-a11y-settin
 2822  2825 ?        00:00:00 gmain
 2822  2826 ?        00:00:00 gdbus
 2822  2865 ?        00:00:00 dconf worker
 2824  2824 ?        00:00:00 gsd-clipboard
 2824  2829 ?        00:00:00 gmain
 2824  2830 ?        00:00:00 gdbus
 2827  2827 ?        00:00:00 gsd-color
 2827  2840 ?        00:00:00 dconf worker
 2827  2841 ?        00:00:00 gmain
 2827  2842 ?        00:00:00 gdbus
 2828  2828 ?        00:00:00 gsd-datetime
 2828  2836 ?        00:00:00 gmain
 2828  2837 ?        00:00:00 gdbus
 2828  2855 ?        00:00:00 dconf worker
 2831  2831 ?        00:00:00 gsd-housekeepin
 2831  2833 ?        00:00:00 gmain
 2831  2835 ?        00:00:00 gdbus
 2831  2863 ?        00:00:00 dconf worker
 2832  2832 ?        00:00:00 gsd-keyboard
 2832  2868 ?        00:00:00 dconf worker
 2832  2871 ?        00:00:00 gmain
 2832  2875 ?        00:00:00 gdbus
 2838  2838 ?        00:00:00 gsd-media-keys
 2838  2846 ?        00:00:00 gmain
 2838  2847 ?        00:00:00 gdbus
 2838  2880 ?        00:00:00 dconf worker
 2839  2839 ?        00:00:00 gsd-mouse
 2839  2844 ?        00:00:00 gmain
 2839  2845 ?        00:00:00 gdbus
 2839  2862 ?        00:00:00 dconf worker
 2843  2843 ?        00:00:00 gsd-account
 2843  2873 ?        00:00:00 gmain
 2843  2876 ?        00:00:00 gdbus
 2843  2888 ?        00:00:00 dconf worker
 2877  2877 ?        00:00:00 gsd-printer
 2877  2893 ?        00:00:00 gmain
 2877  2894 ?        00:00:00 gdbus
 2895  2895 ?        00:00:00 nautilus-deskto
 2895  2903 ?        00:00:00 gmain
 2895  2904 ?        00:00:00 gdbus
 2895  3015 ?        00:00:00 dconf worker
 2910  2910 ?        00:00:00 gvfsd-trash
 2910  2911 ?        00:00:00 gmain
 2910  2912 ?        00:00:00 gdbus
 2922  2922 ?        00:00:00 gsd-disk-utilit
 2922  2927 ?        00:00:00 gmain
 2922  2929 ?        00:00:00 gdbus
 2926  2926 ?        00:00:00 gnome-software
 2926  2933 ?        00:00:00 gmain
 2926  2934 ?        00:00:00 gdbus
 2926  2944 ?        00:00:00 dconf worker
 2930  2930 ?        00:00:00 seapplet
 2937  2937 ?        00:00:00 abrt-applet
 2937  2942 ?        00:00:00 gmain
 2937  2943 ?        00:00:00 gdbus
 2939  2939 ?        00:00:00 evolution-alarm
 2939  2959 ?        00:00:00 gmain
 2939  2960 ?        00:00:00 gdbus
 2939  3013 ?        00:00:00 dconf worker
 2939  3014 ?        00:00:00 evolution-alarm
 2939  3039 ?        00:00:00 evolution-alarm
 2951  2951 ?        00:00:00 tracker-extract
 2951  2961 ?        00:00:00 dconf worker
 2951  2964 ?        00:00:00 pool
 2951  2965 ?        00:00:00 pool
 2951  2966 ?        00:00:00 pool
 2951  2967 ?        00:00:00 pool
 2951  2968 ?        00:00:00 pool
 2951  2969 ?        00:00:00 pool
 2951  2970 ?        00:00:00 pool
 2951  2971 ?        00:00:00 pool
 2951  2972 ?        00:00:00 pool
 2951  2973 ?        00:00:00 pool
 2951  2984 ?        00:00:00 gmain
 2951  2985 ?        00:00:00 gdbus
 2952  2952 ?        00:00:00 evolution-calen
 2952  2974 ?        00:00:00 gmain
 2952  2976 ?        00:00:00 gdbus
 2952  3063 ?        00:00:00 dconf worker
 2952  3064 ?        00:00:00 evolution-calen
 2958  2958 ?        00:00:00 tracker-miner-a
 2958  3008 ?        00:00:00 gmain
 2958  3058 ?        00:00:00 gdbus
 2958  3105 ?        00:00:00 dconf worker
 2963  2963 ?        00:00:00 tracker-miner-f
 2963  2996 ?        00:00:00 dconf worker
 2963  3002 ?        00:00:00 gmain
 2963  3004 ?        00:00:00 gdbus
 2978  2978 ?        00:00:00 tracker-miner-u
 2978  2982 ?        00:00:00 gmain
 2978  3052 ?        00:00:00 gdbus
 2978  3086 ?        00:00:00 dconf worker
 2995  2995 ?        00:00:00 ibus-engine-sim
 2995  3005 ?        00:00:00 gmain
 2995  3006 ?        00:00:00 gdbus
 3016  3016 ?        00:00:00 tracker-store
 3016  3019 ?        00:00:00 dconf worker
 3016  3020 ?        00:00:00 gmain
 3016  3021 ?        00:00:00 gdbus
 3016  3024 ?        00:00:00 pool
 3016  3025 ?        00:00:00 pool
 3016  3026 ?        00:00:00 pool
 3016  3027 ?        00:00:00 pool
 3067  3067 ?        00:00:00 dconf-service
 3067  3070 ?        00:00:00 gmain
 3067  3071 ?        00:00:00 gdbus
 3075  3075 ?        00:00:00 evolution-calen
 3075  3078 ?        00:00:00 dconf worker
 3075  3079 ?        00:00:00 evolution-calen
 3075  3080 ?        00:00:00 gmain
 3075  3081 ?        00:00:00 gdbus
 3075  3120 ?        00:00:00 pool
 3075  3121 ?        00:00:00 evolution-calen
 3075  3128 ?        00:00:00 pool
 3075  3132 ?        00:00:00 pool
 3075  3134 ?        00:00:00 pool
 3098  3098 ?        00:00:00 gvfsd-metadata
 3098  3099 ?        00:00:00 gmain
 3098  3100 ?        00:00:00 gdbus
 3126  3126 ?        00:00:00 evolution-addre
 3126  3135 ?        00:00:00 gmain
 3126  3136 ?        00:00:00 gdbus
 3126  3149 ?        00:00:00 dconf worker
 3126  3150 ?        00:00:00 evolution-addre
 3153  3153 ?        00:00:00 evolution-addre
 3153  3154 ?        00:00:00 gmain
 3153  3156 ?        00:00:00 gdbus
 3153  3157 ?        00:00:00 dconf worker
 3153  3158 ?        00:00:00 evolution-addre
 3153  3160 ?        00:00:00 pool
 3166  3166 ?        00:00:00 fwupd
 3166  3167 ?        00:00:00 gmain
 3166  3169 ?        00:00:00 fwupd
 3166  3170 ?        00:00:00 GUsbEventThread
 3166  3171 ?        00:00:00 gdbus
 3172  3172 ?        00:00:00 gvfsd-burn
 3172  3173 ?        00:00:00 gmain
 3172  3174 ?        00:00:00 gdbus
 3432  3432 ?        00:00:02 gnome-terminal-
 3432  3433 ?        00:00:00 gmain
 3432  3434 ?        00:00:00 gdbus
 3432  3435 ?        00:00:00 dconf worker
 3439  3439 ?        00:00:00 gnome-pty-helpe
 3440  3440 pts/0    00:00:00 bash
 3493  3493 pts/1    00:00:00 bash
 3618  3618 ?        00:00:00 sshd
 3623  3623 ?        00:00:00 sshd
 3635  3635 pts/2    00:00:00 bash
 3853  3853 ?        00:00:00 kworker/u9:0
 3938  3938 ?        00:00:00 kworker/1:2
 3986  3986 ?        00:00:00 kworker/1:2H
 4222  4222 pts/1    00:00:00 iocsh.bash
 4246  4246 pts/1    00:00:00 softIocPVA
 4246  4249 pts/1    00:00:00 errlog
 4246  4250 pts/1    00:00:00 timerQueue
 4246  4251 pts/1    00:00:00 timerQueue
 4246  4252 pts/1    00:00:00 MC_CPU1
 4246  4253 pts/1    00:00:00 taskwd
 4246  4255 pts/1    00:00:00 MCU1
 4246  4257 pts/1    00:00:00 motorPoller
 4246  4259 pts/1    00:00:19 ecmc_rt
 4246  4260 pts/1    00:00:00 timerQueue
 4246  4261 pts/1    00:00:02 cbLow
 4246  4262 pts/1    00:00:00 cbMedium
 4246  4263 pts/1    00:00:00 cbHigh
 4246  4264 pts/1    00:00:00 dbCaLink
 4246  4265 pts/1    00:00:00 PVAL
 4246  4266 pts/1    00:00:00 soft_motor
 4246  4267 pts/1    00:00:00 PDB-event
 4246  4268 pts/1    00:00:00 pvAccess-client
 4246  4269 pts/1    00:00:00 UDP-rx 0.0.0.0:
 4246  4270 pts/1    00:00:00 UDP-rx 192.168.
 4246  4271 pts/1    00:00:00 UDP-rx 192.168.
 4246  4272 pts/1    00:00:00 UDP-rx 192.168.
 4246  4273 pts/1    00:00:00 UDP-rx 192.168.
 4246  4274 pts/1    00:00:00 UDP-rx 224.0.0.
 4246  4275 pts/1    00:00:00 scanOnce
 4246  4276 pts/1    00:00:00 scan-10
 4246  4277 pts/1    00:00:00 scan-5
 4246  4278 pts/1    00:00:00 scan-2
 4246  4279 pts/1    00:00:00 scan-1
 4246  4280 pts/1    00:00:00 scan-0.5
 4246  4281 pts/1    00:00:00 scan-0.2
 4246  4282 pts/1    00:00:00 scan-0.1
 4246  4283 pts/1    00:00:00 CAS-TCP
 4246  4284 pts/1    00:00:00 CAS-UDP
 4246  4285 pts/1    00:00:00 CAS-beacon
 4246  4286 pts/1    00:00:00 PVAS timers
 4246  4287 pts/1    00:00:00 TCP-acceptor
 4246  4288 pts/1    00:00:00 UDP-rx 0.0.0.0:
 4246  4289 pts/1    00:00:00 UDP-rx 192.168.
 4246  4290 pts/1    00:00:00 UDP-rx 192.168.
 4246  4291 pts/1    00:00:00 UDP-rx 192.168.
 4246  4292 pts/1    00:00:00 UDP-rx 192.168.
 4246  4293 pts/1    00:00:00 UDP-rx 224.0.0.
 4258  4258 ?        00:00:07 EtherCAT-OP
 4809  4809 ?        00:00:00 kworker/1:1
 4832  4832 ?        00:00:00 kworker/u9:1
 4907  4907 ?        00:00:00 kworker/2:0
 5022  5022 ?        00:00:00 kworker/2:2
 5097  5097 ?        00:00:00 kworker/3:1
 5148  5148 ?        00:00:00 kworker/2:1
 5184  5184 ?        00:00:00 kworker/1:0
 5192  5192 ?        00:00:00 sleep
 5198  5198 pts/2    00:00:00 ps
 5199  5199 pts/2    00:00:00 tee
