UNIT FILE                                     STATE   
proc-sys-fs-binfmt_misc.automount             static  
dev-hugepages.mount                           static  
dev-mqueue.mount                              static  
proc-fs-nfsd.mount                            static  
proc-sys-fs-binfmt_misc.mount                 static  
run-vmblock\x2dfuse.mount                     disabled
sys-fs-fuse-connections.mount                 static  
sys-kernel-config.mount                       static  
sys-kernel-debug.mount                        static  
tmp.mount                                     disabled
var-lib-nfs-rpc_pipefs.mount                  static  
brandbot.path                                 disabled
systemd-ask-password-console.path             static  
systemd-ask-password-plymouth.path            static  
systemd-ask-password-wall.path                static  
session-1.scope                               static  
session-21.scope                              static  
abrt-ccpp.service                             enabled 
abrt-oops.service                             enabled 
abrt-pstoreoops.service                       disabled
abrt-vmcore.service                           enabled 
abrt-xorg.service                             enabled 
abrtd.service                                 enabled 
accounts-daemon.service                       enabled 
alsa-restore.service                          static  
alsa-state.service                            masked  
anaconda-direct.service                       static  
anaconda-nm-config.service                    static  
anaconda-noshell.service                      static  
anaconda-pre.service                          static  
anaconda-shell@.service                       static  
anaconda-sshd.service                         static  
anaconda-tmux@.service                        static  
anaconda.service                              static  
arp-ethers.service                            disabled
atd.service                                   enabled 
auditd.service                                enabled 
auth-rpcgss-module.service                    static  
autofs.service                                disabled
autovt@.service                               enabled 
avahi-daemon.service                          masked  
blk-availability.service                      disabled
bluetooth.service                             masked  
bolt.service                                  masked  
brandbot.service                              static  
brltty.service                                disabled
canberra-system-bootup.service                disabled
canberra-system-shutdown-reboot.service       disabled
canberra-system-shutdown.service              disabled
certmonger.service                            disabled
cgconfig.service                              disabled
cgdcbxd.service                               disabled
cgred.service                                 disabled
chrony-dnssrv@.service                        static  
chrony-wait.service                           disabled
chronyd.service                               disabled
clean-mount-point@.service                    static  
colord.service                                static  
configure-printer@.service                    static  
console-getty.service                         disabled
console-shell.service                         disabled
container-getty@.service                      static  
cpupower.service                              disabled
crond.service                                 enabled 
cups-browsed.service                          disabled
dbus-org.freedesktop.hostname1.service        static  
dbus-org.freedesktop.import1.service          static  
dbus-org.freedesktop.locale1.service          static  
dbus-org.freedesktop.login1.service           static  
dbus-org.freedesktop.machine1.service         static  
dbus-org.freedesktop.nm-dispatcher.service    enabled 
dbus-org.freedesktop.timedate1.service        static  
dbus.service                                  static  
debug-shell.service                           disabled
display-manager.service                       enabled 
dkms.service                                  enabled 
dm-event.service                              static  
dmraid-activation.service                     enabled 
dnsmasq.service                               disabled
dracut-cmdline.service                        static  
dracut-initqueue.service                      static  
dracut-mount.service                          static  
dracut-pre-mount.service                      static  
dracut-pre-pivot.service                      static  
dracut-pre-trigger.service                    static  
dracut-pre-udev.service                       static  
dracut-shutdown.service                       static  
ebtables.service                              disabled
emergency.service                             static  
ethercat.service                              enabled 
fcoe.service                                  disabled
firewalld.service                             masked  
firstboot-graphical.service                   disabled
flatpak-system-helper.service                 static  
fprintd.service                               static  
fstrim.service                                static  
fwupd-offline-update.service                  static  
fwupd.service                                 static  
fwupdate-cleanup.service                      static  
gdm.service                                   enabled 
geoclue.service                               static  
getty@.service                                enabled 
gssproxy.service                              disabled
halt-local.service                            static  
htcacheclean.service                          static  
httpd.service                                 disabled
hypervfcopyd.service                          static  
hypervkvpd.service                            static  
hypervvssd.service                            static  
ibacm.service                                 disabled
initial-setup-graphical.service               disabled
initial-setup-reconfiguration.service         enabled 
initial-setup-text.service                    disabled
initial-setup.service                         disabled
initrd-cleanup.service                        static  
initrd-parse-etc.service                      static  
initrd-switch-root.service                    static  
initrd-udevadm-cleanup-db.service             static  
instperf.service                              static  
ipmi.service                                  masked  
iprdump.service                               disabled
iprinit.service                               disabled
iprupdate.service                             disabled
ipsec.service                                 disabled
irqbalance.service                            disabled
iscsi-onboot.service                          disabled
iscsi-shutdown.service                        static  
iscsi.service                                 enabled 
iscsid.service                                disabled
iscsiuio.service                              disabled
kdump.service                                 enabled 
kmod-static-nodes.service                     static  
kpatch.service                                disabled
ksm.service                                   enabled 
ksmtuned.service                              enabled 
libstoragemgmt.service                        enabled 
libvirt-guests.service                        disabled
libvirtd.service                              enabled 
lldpad.service                                disabled
lvm2-lvmetad.service                          static  
lvm2-lvmpolld.service                         static  
lvm2-monitor.service                          enabled 
lvm2-pvscan@.service                          static  
mdadm-grow-continue@.service                  static  
mdadm-last-resort@.service                    static  
mdcheck_continue.service                      static  
mdcheck_start.service                         static  
mdmon@.service                                static  
mdmonitor-oneshot.service                     static  
mdmonitor.service                             enabled 
messagebus.service                            static  
microcode.service                             enabled 
ModemManager.service                          masked  
multipathd.service                            enabled 
ndctl-monitor.service                         disabled
netcf-transaction.service                     disabled
NetworkManager-dispatcher.service             enabled 
NetworkManager-wait-online.service            enabled 
NetworkManager.service                        enabled 
nfs-blkmap.service                            disabled
nfs-config.service                            static  
nfs-idmap.service                             static  
nfs-idmapd.service                            static  
nfs-lock.service                              static  
nfs-mountd.service                            static  
nfs-rquotad.service                           disabled
nfs-secure.service                            static  
nfs-server.service                            disabled
nfs-utils.service                             static  
nfs.service                                   disabled
nfslock.service                               static  
ntpd.service                                  disabled
ntpdate.service                               disabled
numad.service                                 disabled
oddjobd.service                               disabled
packagekit-offline-update.service             static  
packagekit.service                            static  
pcscd.service                                 masked  
plymouth-halt.service                         disabled
plymouth-kexec.service                        disabled
plymouth-poweroff.service                     disabled
plymouth-quit-wait.service                    disabled
plymouth-quit.service                         disabled
plymouth-read-write.service                   disabled
plymouth-reboot.service                       disabled
plymouth-start.service                        disabled
plymouth-switch-root.service                  static  
pmcd.service                                  disabled
pmie.service                                  disabled
pmie_check.service                            static  
pmie_daily.service                            disabled
pmlogger.service                              disabled
pmlogger_check.service                        disabled
pmlogger_daily-poll.service                   disabled
pmlogger_daily.service                        disabled
pmproxy.service                               disabled
polkit.service                                static  
powertop.service                              disabled
pppd-dns.service                              masked  
psacct.service                                disabled
qemu-guest-agent.service                      enabled 
quotaon.service                               static  
radvd.service                                 disabled
rc-local.service                              static  
rdisc.service                                 disabled
rdma-load-modules@.service                    static  
rdma-ndd.service                              static  
rdma.service                                  disabled
realmd.service                                static  
rescue.service                                static  
rhel-autorelabel-mark.service                 enabled 
rhel-autorelabel.service                      enabled 
rhel-configure.service                        enabled 
rhel-dmesg.service                            enabled 
rhel-domainname.service                       enabled 
rhel-import-state.service                     enabled 
rhel-loadmodules.service                      enabled 
rhel-readonly.service                         enabled 
rngd.service                                  enabled 
rpc-gssd.service                              static  
rpc-rquotad.service                           disabled
rpc-statd-notify.service                      static  
rpc-statd.service                             static  
rpcbind.service                               enabled 
rpcgssd.service                               static  
rpcidmapd.service                             static  
rsyncd.service                                disabled
rsyncd@.service                               static  
rsyslog.service                               enabled 
rt-entsk.service                              disabled
rt-setup.service                              enabled 
rtcheck.service                               disabled
rtctl.service                                 enabled 
rtkit-daemon.service                          enabled 
saned@.service                                indirect
saslauthd.service                             disabled
selinux-policy-migrate-local-changes@.service static  
serial-getty@.service                         disabled
smartd.service                                enabled 
snmpd.service                                 disabled
snmptrapd.service                             disabled
sound.service                                 masked  
speech-dispatcherd.service                    disabled
spice-vdagentd.service                        indirect
sshd-keygen.service                           static  
sshd.service                                  enabled 
sshd@.service                                 static  
sssd-autofs.service                           indirect
sssd-nss.service                              indirect
sssd-pac.service                              indirect
sssd-pam.service                              indirect
sssd-secrets.service                          indirect
sssd-ssh.service                              indirect
sssd-sudo.service                             indirect
sssd.service                                  disabled
svnserve.service                              disabled
sysstat.service                               enabled 
systemd-ask-password-console.service          static  
systemd-ask-password-plymouth.service         static  
systemd-ask-password-wall.service             static  
systemd-backlight@.service                    static  
systemd-binfmt.service                        static  
systemd-bootchart.service                     disabled
systemd-firstboot.service                     static  
systemd-fsck-root.service                     static  
systemd-fsck@.service                         static  
systemd-halt.service                          static  
systemd-hibernate-resume@.service             static  
systemd-hibernate.service                     static  
systemd-hostnamed.service                     static  
systemd-hwdb-update.service                   static  
systemd-hybrid-sleep.service                  static  
systemd-importd.service                       static  
systemd-initctl.service                       static  
systemd-journal-catalog-update.service        static  
systemd-journal-flush.service                 static  
systemd-journald.service                      static  
systemd-kexec.service                         static  
systemd-localed.service                       static  
systemd-logind.service                        static  
systemd-machine-id-commit.service             static  
systemd-machined.service                      static  
systemd-modules-load.service                  static  
systemd-nspawn@.service                       disabled
systemd-poweroff.service                      static  
systemd-quotacheck.service                    static  
systemd-random-seed.service                   static  
systemd-readahead-collect.service             enabled 
systemd-readahead-done.service                indirect
systemd-readahead-drop.service                enabled 
systemd-readahead-replay.service              enabled 
systemd-reboot.service                        static  
systemd-remount-fs.service                    static  
systemd-rfkill@.service                       static  
systemd-shutdownd.service                     static  
systemd-suspend.service                       static  
systemd-sysctl.service                        static  
systemd-timedated.service                     static  
systemd-tmpfiles-clean.service                static  
systemd-tmpfiles-setup-dev.service            static  
systemd-tmpfiles-setup.service                static  
systemd-udev-settle.service                   static  
systemd-udev-trigger.service                  static  
systemd-udevd.service                         static  
systemd-update-done.service                   static  
systemd-update-utmp-runlevel.service          static  
systemd-update-utmp.service                   static  
systemd-user-sessions.service                 static  
systemd-vconsole-setup.service                static  
target.service                                disabled
targetclid.service                            disabled
tcsd.service                                  disabled
teamd@.service                                static  
tog-pegasus.service                           disabled
trace-cmd.service                             disabled
tuned.service                                 enabled 
udisks2.service                               enabled 
unbound-anchor.service                        masked  
upower.service                                disabled
usb_modeswitch@.service                       static  
usbmuxd.service                               static  
vdo-start-by-dev@.service                     static  
vdo.service                                   enabled 
vgauthd.service                               enabled 
virtlockd.service                             indirect
virtlogd.service                              indirect
vmtoolsd.service                              enabled 
wacom-inputattach@.service                    static  
wpa_supplicant.service                        masked  
zram.service                                  static  
-.slice                                       static  
machine.slice                                 static  
system.slice                                  static  
user-1000.slice                               static  
user.slice                                    static  
avahi-daemon.socket                           masked  
dbus.socket                                   static  
dm-event.socket                               enabled 
ibacm.socket                                  disabled
iscsid.socket                                 enabled 
iscsiuio.socket                               enabled 
lldpad.socket                                 disabled
lvm2-lvmetad.socket                           enabled 
lvm2-lvmpolld.socket                          enabled 
rpcbind.socket                                enabled 
rsyncd.socket                                 disabled
saned.socket                                  disabled
spice-vdagentd.socket                         static  
sshd.socket                                   disabled
sssd-autofs.socket                            disabled
sssd-nss.socket                               disabled
sssd-pac.socket                               disabled
sssd-pam-priv.socket                          disabled
sssd-pam.socket                               disabled
sssd-secrets.socket                           disabled
sssd-ssh.socket                               disabled
sssd-sudo.socket                              disabled
syslog.socket                                 static  
systemd-initctl.socket                        static  
systemd-journald.socket                       static  
systemd-shutdownd.socket                      static  
systemd-udevd-control.socket                  static  
systemd-udevd-kernel.socket                   static  
targetclid.socket                             disabled
virtlockd-admin.socket                        disabled
virtlockd.socket                              enabled 
virtlogd-admin.socket                         disabled
virtlogd.socket                               enabled 
anaconda.target                               static  
basic.target                                  static  
bluetooth.target                              static  
cryptsetup-pre.target                         static  
cryptsetup.target                             static  
ctrl-alt-del.target                           disabled
default.target                                enabled 
emergency.target                              static  
final.target                                  static  
getty-pre.target                              static  
getty.target                                  static  
graphical.target                              enabled 
halt.target                                   disabled
hibernate.target                              static  
hybrid-sleep.target                           static  
initrd-fs.target                              static  
initrd-root-fs.target                         static  
initrd-switch-root.target                     static  
initrd.target                                 static  
iprutils.target                               disabled
kexec.target                                  disabled
local-fs-pre.target                           static  
local-fs.target                               static  
machines.target                               disabled
multi-user.target                             static  
network-online.target                         static  
network-pre.target                            static  
network.target                                static  
nfs-client.target                             enabled 
nss-lookup.target                             static  
nss-user-lookup.target                        static  
paths.target                                  static  
poweroff.target                               disabled
printer.target                                static  
rdma-hw.target                                static  
reboot.target                                 disabled
remote-cryptsetup.target                      disabled
remote-fs-pre.target                          static  
remote-fs.target                              enabled 
rescue.target                                 disabled
rpc_pipefs.target                             static  
rpcbind.target                                static  
runlevel0.target                              disabled
runlevel1.target                              disabled
runlevel2.target                              static  
runlevel3.target                              static  
runlevel4.target                              static  
runlevel5.target                              enabled 
runlevel6.target                              disabled
shutdown.target                               static  
sigpwr.target                                 static  
sleep.target                                  static  
slices.target                                 static  
smartcard.target                              static  
sockets.target                                static  
sound.target                                  static  
suspend.target                                static  
swap.target                                   static  
sysinit.target                                static  
system-update.target                          static  
time-sync.target                              static  
timers.target                                 static  
umount.target                                 static  
virt-guest-shutdown.target                    static  
chrony-dnssrv@.timer                          disabled
fstrim.timer                                  disabled
mdadm-last-resort@.timer                      static  
mdcheck_continue.timer                        disabled
mdcheck_start.timer                           disabled
mdmonitor-oneshot.timer                       disabled
pmie_check.timer                              disabled
pmie_daily.timer                              disabled
pmlogger_check.timer                          disabled
pmlogger_daily-poll.timer                     disabled
pmlogger_daily.timer                          disabled
systemd-readahead-done.timer                  indirect
systemd-tmpfiles-clean.timer                  static  
unbound-anchor.timer                          enabled 

446 unit files listed.
