  UNIT                                                                                     LOAD   ACTIVE SUB       DESCRIPTION
  proc-sys-fs-binfmt_misc.automount                                                        loaded active waiting   Arbitrary Executable File Formats File System Automount Point
  sys-devices-pci0000:00-0000:00:17.0-ata8-host8-target8:0:0-8:0:0:0-block-sda-sda1.device loaded active plugged   MTFDDAV240TDS-1AW1ZA_02JG528D7A44690LEN EFI\x20System\x20Partition
  sys-devices-pci0000:00-0000:00:17.0-ata8-host8-target8:0:0-8:0:0:0-block-sda-sda2.device loaded active plugged   MTFDDAV240TDS-1AW1ZA_02JG528D7A44690LEN 2
  sys-devices-pci0000:00-0000:00:17.0-ata8-host8-target8:0:0-8:0:0:0-block-sda-sda3.device loaded active plugged   MTFDDAV240TDS-1AW1ZA_02JG528D7A44690LEN 3
  sys-devices-pci0000:00-0000:00:17.0-ata8-host8-target8:0:0-8:0:0:0-block-sda.device      loaded active plugged   MTFDDAV240TDS-1AW1ZA_02JG528D7A44690LEN
  sys-devices-pci0000:00-0000:00:1c.1-0000:03:00.0-net-eno3.device                         loaded active plugged   NetXtreme BCM5720 2-port Gigabit Ethernet PCIe
  sys-devices-pci0000:00-0000:00:1c.1-0000:03:00.1-net-eno4.device                         loaded active plugged   NetXtreme BCM5720 2-port Gigabit Ethernet PCIe
  sys-devices-pci0000:00-0000:00:1e.0-dw\x2dapb\x2duart.2-tty-ttyS2.device                 loaded active plugged   Cannon Lake PCH Serial IO UART Host Controller
  sys-devices-platform-serial8250-tty-ttyS3.device                                         loaded active plugged   /sys/devices/platform/serial8250/tty/ttyS3
  sys-devices-pnp0-00:01-tty-ttyS0.device                                                  loaded active plugged   /sys/devices/pnp0/00:01/tty/ttyS0
  sys-devices-pnp0-00:02-tty-ttyS1.device                                                  loaded active plugged   /sys/devices/pnp0/00:02/tty/ttyS1
  sys-devices-virtual-block-dm\x2d0.device                                                 loaded active plugged   /sys/devices/virtual/block/dm-0
  sys-devices-virtual-block-dm\x2d1.device                                                 loaded active plugged   /sys/devices/virtual/block/dm-1
  sys-devices-virtual-block-dm\x2d2.device                                                 loaded active plugged   /sys/devices/virtual/block/dm-2
  sys-devices-virtual-net-virbr0.device                                                    loaded active plugged   /sys/devices/virtual/net/virbr0
  sys-devices-virtual-net-virbr0\x2dnic.device                                             loaded active plugged   /sys/devices/virtual/net/virbr0-nic
  sys-module-configfs.device                                                               loaded active plugged   /sys/module/configfs
  sys-module-fuse.device                                                                   loaded active plugged   /sys/module/fuse
  sys-subsystem-net-devices-eno3.device                                                    loaded active plugged   NetXtreme BCM5720 2-port Gigabit Ethernet PCIe
  sys-subsystem-net-devices-eno4.device                                                    loaded active plugged   NetXtreme BCM5720 2-port Gigabit Ethernet PCIe
  sys-subsystem-net-devices-virbr0.device                                                  loaded active plugged   /sys/subsystem/net/devices/virbr0
  sys-subsystem-net-devices-virbr0\x2dnic.device                                           loaded active plugged   /sys/subsystem/net/devices/virbr0-nic
  -.mount                                                                                  loaded active mounted   /
  boot-efi.mount                                                                           loaded active mounted   /boot/efi
  boot.mount                                                                               loaded active mounted   /boot
  dev-hugepages.mount                                                                      loaded active mounted   Huge Pages File System
  dev-mqueue.mount                                                                         loaded active mounted   POSIX Message Queue File System
  home.mount                                                                               loaded active mounted   /home
  run-user-1000-gvfs.mount                                                                 loaded active mounted   /run/user/1000/gvfs
  run-user-1000.mount                                                                      loaded active mounted   /run/user/1000
  sys-fs-fuse-connections.mount                                                            loaded active mounted   FUSE Control File System
  sys-kernel-config.mount                                                                  loaded active mounted   Configuration File System
  sys-kernel-debug.mount                                                                   loaded active mounted   Debug File System
  var-lib-nfs-rpc_pipefs.mount                                                             loaded active mounted   RPC Pipe File System
  systemd-ask-password-plymouth.path                                                       loaded active waiting   Forward Password Requests to Plymouth Directory Watch
  systemd-ask-password-wall.path                                                           loaded active waiting   Forward Password Requests to Wall Directory Watch
  session-1.scope                                                                          loaded active running   Session 1 of user iocuser
  session-21.scope                                                                         loaded active running   Session 21 of user iocuser
  abrt-ccpp.service                                                                        loaded active exited    Install ABRT coredump hook
  abrt-oops.service                                                                        loaded active running   ABRT kernel log watcher
  abrt-xorg.service                                                                        loaded active running   ABRT Xorg log watcher
  abrtd.service                                                                            loaded active running   ABRT Automated Bug Reporting Tool
  accounts-daemon.service                                                                  loaded active running   Accounts Service
  atd.service                                                                              loaded active running   Job spooling tools
  auditd.service                                                                           loaded active running   Security Auditing Service
  blk-availability.service                                                                 loaded active exited    Availability of block devices
  colord.service                                                                           loaded active running   Manage, Install and Generate Color Profiles
  crond.service                                                                            loaded active running   Command Scheduler
  dbus.service                                                                             loaded active running   D-Bus System Message Bus
  dkms.service                                                                             loaded active exited    Builds and install new kernel modules through DKMS
  ethercat.service                                                                         loaded active exited    EtherCAT Master Kernel Modules
  fwupd.service                                                                            loaded active running   Firmware update daemon
  gdm.service                                                                              loaded active running   GNOME Display Manager
  geoclue.service                                                                          loaded active running   Location Lookup Service
  gssproxy.service                                                                         loaded active running   GSSAPI Proxy Daemon
  iscsi-shutdown.service                                                                   loaded active exited    Logout off all iSCSI sessions on shutdown
  kdump.service                                                                            loaded active exited    Crash recovery kernel arming
  kmod-static-nodes.service                                                                loaded active exited    Create list of required static device nodes for the current kernel
  ksm.service                                                                              loaded active exited    Kernel Samepage Merging
  ksmtuned.service                                                                         loaded active running   Kernel Samepage Merging (KSM) Tuning Daemon
  libstoragemgmt.service                                                                   loaded active running   libstoragemgmt plug-in server daemon
  libvirtd.service                                                                         loaded active running   Virtualization daemon
  lvm2-lvmetad.service                                                                     loaded active running   LVM2 metadata daemon
  lvm2-monitor.service                                                                     loaded active exited    Monitoring of LVM2 mirrors, snapshots etc. using dmeventd or progress polling
  lvm2-pvscan@8:3.service                                                                  loaded active exited    LVM2 PV scan on device 8:3
● network.service                                                                          loaded failed failed    LSB: Bring up/down networking
  NetworkManager-wait-online.service                                                       loaded active exited    Network Manager Wait Online
  NetworkManager.service                                                                   loaded active running   Network Manager
  packagekit.service                                                                       loaded active running   PackageKit Daemon
  polkit.service                                                                           loaded active running   Authorization Manager
  rhel-dmesg.service                                                                       loaded active exited    Dump dmesg to /var/log/dmesg
  rhel-domainname.service                                                                  loaded active exited    Read and set NIS domainname from /etc/sysconfig/network
  rhel-import-state.service                                                                loaded active exited    Import network configuration from initramfs
  rhel-readonly.service                                                                    loaded active exited    Configure read-only root support
  rngd.service                                                                             loaded active running   Hardware RNG Entropy Gatherer Daemon
  rpcbind.service                                                                          loaded active running   RPC bind service
  rsyslog.service                                                                          loaded active running   System Logging Service
  rtctl.service                                                                            loaded active exited    kernel threads real time priority setup
  rtkit-daemon.service                                                                     loaded active running   RealtimeKit Scheduling Policy Service
  smartd.service                                                                           loaded active running   Self Monitoring and Reporting Technology (SMART) Daemon
  sshd.service                                                                             loaded active running   OpenSSH server daemon
  sysstat.service                                                                          loaded active exited    Resets System Activity Logs
  systemd-journal-flush.service                                                            loaded active exited    Flush Journal to Persistent Storage
  systemd-journald.service                                                                 loaded active running   Journal Service
  systemd-logind.service                                                                   loaded active running   Login Service
  systemd-modules-load.service                                                             loaded active exited    Load Kernel Modules
  systemd-random-seed.service                                                              loaded active exited    Load/Save Random Seed
  systemd-readahead-collect.service                                                        loaded active exited    Collect Read-Ahead Data
  systemd-readahead-replay.service                                                         loaded active exited    Replay Read-Ahead Data
  systemd-remount-fs.service                                                               loaded active exited    Remount Root and Kernel File Systems
  systemd-sysctl.service                                                                   loaded active exited    Apply Kernel Variables
  systemd-tmpfiles-setup-dev.service                                                       loaded active exited    Create Static Device Nodes in /dev
  systemd-tmpfiles-setup.service                                                           loaded active exited    Create Volatile Files and Directories
  systemd-udev-settle.service                                                              loaded active exited    udev Wait for Complete Device Initialization
  systemd-udev-trigger.service                                                             loaded active exited    udev Coldplug all Devices
  systemd-udevd.service                                                                    loaded active running   udev Kernel Device Manager
  systemd-update-utmp.service                                                              loaded active exited    Update UTMP about System Boot/Shutdown
  systemd-user-sessions.service                                                            loaded active exited    Permit User Sessions
  systemd-vconsole-setup.service                                                           loaded active exited    Setup Virtual Console
  tuned.service                                                                            loaded active running   Dynamic System Tuning Daemon
  udisks2.service                                                                          loaded active running   Disk Manager
  upower.service                                                                           loaded active running   Daemon for power management
  vdo.service                                                                              loaded active exited    VDO volume services
  -.slice                                                                                  loaded active active    Root Slice
  machine.slice                                                                            loaded active active    Virtual Machine and Container Slice
  system-getty.slice                                                                       loaded active active    system-getty.slice
  system-lvm2\x2dpvscan.slice                                                              loaded active active    system-lvm2\x2dpvscan.slice
  system-selinux\x2dpolicy\x2dmigrate\x2dlocal\x2dchanges.slice                            loaded active active    system-selinux\x2dpolicy\x2dmigrate\x2dlocal\x2dchanges.slice
  system.slice                                                                             loaded active active    System Slice
  user-1000.slice                                                                          loaded active active    User Slice of iocuser
  user.slice                                                                               loaded active active    User and Session Slice
  dbus.socket                                                                              loaded active running   D-Bus System Message Bus Socket
  dm-event.socket                                                                          loaded active listening Device-mapper event daemon FIFOs
  iscsid.socket                                                                            loaded active listening Open-iSCSI iscsid Socket
  iscsiuio.socket                                                                          loaded active listening Open-iSCSI iscsiuio Socket
  lvm2-lvmetad.socket                                                                      loaded active running   LVM2 metadata daemon socket
  lvm2-lvmpolld.socket                                                                     loaded active listening LVM2 poll daemon socket
  rpcbind.socket                                                                           loaded active running   RPCbind Server Activation Socket
  systemd-initctl.socket                                                                   loaded active listening /dev/initctl Compatibility Named Pipe
  systemd-journald.socket                                                                  loaded active running   Journal Socket
  systemd-shutdownd.socket                                                                 loaded active listening Delayed Shutdown Socket
  systemd-udevd-control.socket                                                             loaded active running   udev Control Socket
  systemd-udevd-kernel.socket                                                              loaded active running   udev Kernel Socket
  virtlockd.socket                                                                         loaded active listening Virtual machine lock manager socket
  virtlogd.socket                                                                          loaded active listening Virtual machine log manager socket
  dev-mapper-centos\x2dswap.swap                                                           loaded active active    /dev/mapper/centos-swap
  basic.target                                                                             loaded active active    Basic System
  cryptsetup.target                                                                        loaded active active    Local Encrypted Volumes
  getty-pre.target                                                                         loaded active active    Login Prompts (Pre)
  getty.target                                                                             loaded active active    Login Prompts
  graphical.target                                                                         loaded active active    Graphical Interface
  local-fs-pre.target                                                                      loaded active active    Local File Systems (Pre)
  local-fs.target                                                                          loaded active active    Local File Systems
  multi-user.target                                                                        loaded active active    Multi-User System
  network-online.target                                                                    loaded active active    Network is Online
  network.target                                                                           loaded active active    Network
  nfs-client.target                                                                        loaded active active    NFS client services
  nss-user-lookup.target                                                                   loaded active active    User and Group Name Lookups
  paths.target                                                                             loaded active active    Paths
  remote-fs-pre.target                                                                     loaded active active    Remote File Systems (Pre)
  remote-fs.target                                                                         loaded active active    Remote File Systems
  rpc_pipefs.target                                                                        loaded active active    rpc_pipefs.target
  rpcbind.target                                                                           loaded active active    RPC Port Mapper
  slices.target                                                                            loaded active active    Slices
  sockets.target                                                                           loaded active active    Sockets
  swap.target                                                                              loaded active active    Swap
  sysinit.target                                                                           loaded active active    System Initialization
  timers.target                                                                            loaded active active    Timers
  systemd-readahead-done.timer                                                             loaded active elapsed   Stop Read-Ahead Data Collection 10s After Completed Startup
  systemd-tmpfiles-clean.timer                                                             loaded active waiting   Daily Cleanup of Temporary Directories

LOAD   = Reflects whether the unit definition was properly loaded.
ACTIVE = The high-level unit activation state, i.e. generalization of SUB.
SUB    = The low-level unit activation state, values depend on unit type.

150 loaded units listed. Pass --all to see loaded but inactive units, too.
To show all installed unit files use 'systemctl list-unit-files'.
