top - 12:08:03 up  3:06,  4 users,  load average: 0.10, 0.04, 0.05
Threads: 594 total,   1 running, 593 sleeping,   0 stopped,   0 zombie
%Cpu(s):  0.1 us,  0.1 sy,  0.0 ni, 99.8 id,  0.0 wa,  0.0 hi,  0.0 si,  0.0 st
KiB Mem : 16206332 total, 13579680 free,  1594048 used,  1032604 buff/cache
KiB Swap:  8191996 total,  8191996 free,        0 used. 14324704 avail Mem 

  PID USER      PR  NI    VIRT    RES    SHR S %CPU %MEM     TIME+ COMMAND                                                                                   
 4259 iocuser  -72   0 1860160 209636 124680 S  1.3  1.3   0:00.32 ecmc_rt                                                                                   
    7 root      -2   0       0      0      0 S  0.3  0.0   0:10.53 ktimersoftd/0                                                                             
   22 root      -2   0       0      0      0 S  0.3  0.0   0:14.82 ktimersoftd/1                                                                             
 1224 root     -51   0       0      0      0 S  0.3  0.0   0:18.60 irq/498-eno4-tx                                                                           
 2625 iocuser   20   0 3640796 200280  71900 S  0.3  1.2   0:08.52 gnome-shell                                                                               
 4258 root      20   0       0      0      0 S  0.3  0.0   0:05.78 EtherCAT-OP                                                                               
 4298 iocuser   20   0  162620   2760   1592 R  0.3  0.0   0:00.06 top                                                                                       
    1 root      20   0  128672   7332   4200 S  0.0  0.0   0:02.89 systemd                                                                                   
    2 root      20   0       0      0      0 S  0.0  0.0   0:00.00 kthreadd                                                                                  
    3 root      20   0       0      0      0 S  0.0  0.0   0:03.41 kworker/0:0                                                                               
    4 root       0 -20       0      0      0 S  0.0  0.0   0:00.00 kworker/0:0H                                                                              
    6 root      20   0       0      0      0 S  0.0  0.0   0:00.03 ksoftirqd/0                                                                               
    8 root      rt   0       0      0      0 S  0.0  0.0   0:00.00 posixcputmr/0                                                                             
    9 root      20   0       0      0      0 S  0.0  0.0   0:00.00 kswork                                                                                    
   10 root      20   0       0      0      0 S  0.0  0.0   0:00.00 kcmosdelayd                                                                               
   11 root      rt   0       0      0      0 S  0.0  0.0   0:00.00 migration/0                                                                               
   12 root      20   0       0      0      0 S  0.0  0.0   0:00.12 rcu_preempt  
